C51 COMPILER V9.59.0.0   AT24C02                                                           12/09/2022 23:14:07 PAGE 1   


C51 COMPILER V9.59.0.0, COMPILATION OF MODULE AT24C02
OBJECT MODULE PLACED IN .\Objects\AT24C02.obj
COMPILER INVOKED BY: D:\Keil5\C51\BIN\C51.EXE AT24C02.c OPTIMIZE(9,SPEED) BROWSE DEBUG OBJECTEXTEND PRINT(.\Listings\AT2
                    -4C02.lst) OBJECT(.\Objects\AT24C02.obj)

line level    source

   1          #include <REGX52.H>
   2          #include "I2C.h"
   3          
   4          #define uchar unsigned char
   5          #define AT24C02_ADDRESS 0xA0
   6          
   7          /**
   8            * @name       AT24C02_writebyte
   9            * @brief      AT24C02写入一个字节
  10            * @param      Wordaddress ：要写入字节的地址
  11            * @param      Data ：要写入的数据
  12            * @retval     无
  13            */
  14          void AT24C02_writebyte(uchar Wordaddress, Data)
  15          {
  16   1              I2C_start();
  17   1              I2C_sendbyte(AT24C02_ADDRESS);
  18   1              I2C_receiveack();
  19   1              I2C_sendbyte(Wordaddress);
  20   1              I2C_receiveack();
  21   1              I2C_sendbyte(Data);
  22   1              I2C_receiveack();
  23   1              I2C_stop();
  24   1      }
  25          
  26          /**
  27            * @name       AT24C02_readbyte
  28            * @brief      AT24C02读取一个字节
  29            * @param      Wordaddress ：要读取字节的地址
  30            * @retval      Data：要读取的数据
  31            */
  32          uchar AT24C02_readbyte(uchar Wordaddress)
  33          {
  34   1              uchar Data;
  35   1              I2C_start();
  36   1              I2C_sendbyte(AT24C02_ADDRESS);
  37   1              I2C_receiveack();
  38   1              I2C_sendbyte(Wordaddress);
  39   1              I2C_receiveack();
  40   1              I2C_start();
  41   1              I2C_sendbyte(AT24C02_ADDRESS|0x01);
  42   1              I2C_receiveack();
  43   1              Data =  I2C_receivebyte();
  44   1              I2C_sendack(1);
  45   1              I2C_stop();
  46   1              return Data;
  47   1      }


MODULE INFORMATION:   STATIC OVERLAYABLE
   CODE SIZE        =     84    ----
   CONSTANT SIZE    =   ----    ----
   XDATA SIZE       =   ----    ----
   PDATA SIZE       =   ----    ----
C51 COMPILER V9.59.0.0   AT24C02                                                           12/09/2022 23:14:07 PAGE 2   

   DATA SIZE        =   ----       5
   IDATA SIZE       =   ----    ----
   BIT SIZE         =   ----    ----
END OF MODULE INFORMATION.


C51 COMPILATION COMPLETE.  0 WARNING(S),  0 ERROR(S)
