C51 COMPILER V9.59.0.0   DHT11                                                             12/09/2022 23:14:07 PAGE 1   


C51 COMPILER V9.59.0.0, COMPILATION OF MODULE DHT11
OBJECT MODULE PLACED IN .\Objects\DHT11.obj
COMPILER INVOKED BY: D:\Keil5\C51\BIN\C51.EXE DHT11.c OPTIMIZE(9,SPEED) BROWSE DEBUG OBJECTEXTEND PRINT(.\Listings\DHT11
                    -.lst) OBJECT(.\Objects\DHT11.obj)

line level    source

   1          #include <REGX52.H>
   2          #include <INTRINS.H>
   3          
   4          //开发板为1^7
   5          sbit Data = P3^7;
   6          
   7          #define uchar unsigned char
   8          #define uint unsigned int
   9          
  10          uchar DHT11_DATA[4];
  11          
  12          void Delay20ms()                //@11.0592MHz
  13          {
  14   1              unsigned char i, j;
  15   1      
  16   1              i = 36;
  17   1              j = 217;
  18   1              do
  19   1              {
  20   2                      while (--j);
  21   2              } while (--i);
  22   1      }
  23          
  24          void Delay30us()                //@11.0592MHz
  25          {
  26   1              unsigned char i;
  27   1      
  28   1              i = 11;
  29   1              while (--i);
  30   1      }
  31          
  32          void Delay40us()                //@11.0592MHz
  33          {
  34   1              unsigned char i;
  35   1      
  36   1              _nop_();
  37   1              i = 15;
  38   1              while (--i);
  39   1      }
  40          
  41          void DHT11_Rst(void)
  42          {
  43   1              Data = 1;
  44   1              _nop_();
  45   1              Data = 0;
  46   1              Delay20ms();
  47   1              Data = 1;
  48   1              Delay40us();
  49   1      }
  50          
  51          char DHT11_Check(void)
  52          {
  53   1              uint t = 0;
  54   1              while(Data) //等待低电平
C51 COMPILER V9.59.0.0   DHT11                                                             12/09/2022 23:14:07 PAGE 2   

  55   1              {
  56   2                      t++;
  57   2                      _nop_();
  58   2                      if(t > 1000)
  59   2                              return -1;
  60   2              }
  61   1              t = 0;
  62   1              while(!Data) // 判断低电平的合法性
  63   1              {
  64   2                      t++;
  65   2                      _nop_();
  66   2                      if(t > 100)
  67   2                              return -2;
  68   2              }
  69   1              t = 0;
  70   1              while(Data)
  71   1              {
  72   2                      t++;
  73   2                      _nop_();
  74   2                      if(t > 100)
  75   2                              return -3;
  76   2              }
  77   1              return 0; //如果DHT11正常返回0
  78   1      }
  79          
  80          
  81          uchar DHT11_Readbyte(void)
  82          {
  83   1              uint t;
  84   1              uchar i,byte;
  85   1              for(i = 0; i < 8; i++) //高位先出，低位后出
  86   1              {
  87   2                      while(!Data)
  88   2                      {
  89   3                              t++;
  90   3                              _nop_();
  91   3                              if(t > 100)
  92   3                                      return 0;
  93   3                      }
  94   2                      Delay40us();
  95   2                      byte <<= 1;
  96   2                      if(Data == 1)
  97   2                      {
  98   3                              byte |= 1;
  99   3                              t = 0;
 100   3                              while(Data)
 101   3                              {
 102   4                                      t++;
 103   4                                      _nop_();
 104   4                                      if(t > 100)
 105   4                                              return 0;
 106   4                              }       
 107   3                      }
 108   2              }
 109   1              return byte;
 110   1      }
 111          
 112          char DHT11_Readdata()
 113          {
 114   1              uchar buff[5];
 115   1              DHT11_Rst();
 116   1              if(DHT11_Check() == 0)
C51 COMPILER V9.59.0.0   DHT11                                                             12/09/2022 23:14:07 PAGE 3   

 117   1              {
 118   2                      buff[0] = DHT11_Readbyte(); //湿度high 8
 119   2                      buff[1] = DHT11_Readbyte();//湿度low 8
 120   2                      buff[2] = DHT11_Readbyte();//温度high 8
 121   2                      buff[3] = DHT11_Readbyte();//温度low 8
 122   2                      buff[4] = DHT11_Readbyte();//校验位
 123   2                      Delay40us();
 124   2                      if((buff[0]+buff[1]+buff[2]+buff[3]) == buff[4])
 125   2                      {
 126   3                              DHT11_DATA[0] = buff[0];
 127   3                              DHT11_DATA[1] = buff[1];
 128   3                              DHT11_DATA[2] = buff[2];
 129   3                              DHT11_DATA[3] = buff[3];
 130   3                      }
 131   2                      else
 132   2                              return -1;
 133   2              }
 134   1              else
 135   1                      return -2;
 136   1              return 0;
 137   1      }


MODULE INFORMATION:   STATIC OVERLAYABLE
   CODE SIZE        =    280    ----
   CONSTANT SIZE    =   ----    ----
   XDATA SIZE       =   ----    ----
   PDATA SIZE       =   ----    ----
   DATA SIZE        =      4       5
   IDATA SIZE       =   ----    ----
   BIT SIZE         =   ----    ----
END OF MODULE INFORMATION.


C51 COMPILATION COMPLETE.  0 WARNING(S),  0 ERROR(S)
