C51 COMPILER V9.59.0.0   TIMER                                                             12/09/2022 23:14:06 PAGE 1   


C51 COMPILER V9.59.0.0, COMPILATION OF MODULE TIMER
OBJECT MODULE PLACED IN .\Objects\Timer.obj
COMPILER INVOKED BY: D:\Keil5\C51\BIN\C51.EXE Timer.c OPTIMIZE(9,SPEED) BROWSE DEBUG OBJECTEXTEND PRINT(.\Listings\Timer
                    -.lst) OBJECT(.\Objects\Timer.obj)

line level    source

   1          #include <REGX52.H>
   2          
   3          #define uchar unsigned char
   4          
   5          void T0_mod1_init(void)  //1毫秒@11.0592MHz
   6          {
   7   1              TMOD &= 0xF0;
   8   1              TMOD |= 0x01;
   9   1              TH0 = 0xFC;
  10   1              TL0 = 0x66;     
  11   1              TF0 = 0;
  12   1              TR0 = 1;
  13   1              EA = 1;
  14   1              ET0 = 1;
  15   1      }
  16          
  17          void T0_mod2_init(uchar num)
  18          {
  19   1              TMOD &= 0xF0;
  20   1              TMOD |= 0x02;
  21   1              TH0 = (256 - num) / 256;
  22   1              TL0 = (256 - num) / 256;
  23   1              TF0 = 0;
  24   1              TR0 = 1;
  25   1              EA = 1;
  26   1              ET0 = 1;
  27   1      }
  28          void T1_mod1_init(void)  //1毫秒@11.0592MHz
  29          {
  30   1              TMOD &= 0x0F;
  31   1              TMOD |= 0x10;
  32   1              TH1 = 0xFC;
  33   1              TL1 = 0x66;
  34   1              TF1 = 0;
  35   1              TR1 = 1;
  36   1              EA = 1;
  37   1              ET1 = 1;
  38   1      }
  39          
  40          void T1_mod2_init(uchar num)
  41          {
  42   1              TMOD &= 0x0F;
  43   1              TMOD |= 0x20;
  44   1              TH1 = (256 - num) / 256;
  45   1              TL1 = (256 - num) / 256;
  46   1              TF1 = 0;
  47   1              TR1 = 1;
  48   1              EA = 1;
  49   1              ET1 = 1;
  50   1      }
  51          
  52          /*定时器中断函数模板
  53          void T0_rupt() interrupt 1  //1毫秒@11.0592MHz
  54          {
C51 COMPILER V9.59.0.0   TIMER                                                             12/09/2022 23:14:06 PAGE 2   

  55                  static unsigned int T0Count;
  56                  TL0 = 0x66;             //设置定时初值
  57                  TH0 = 0xFC;             //设置定时初值
  58                  T0Count++;
  59                  if(T0Count>=1000)
  60                  {
  61                          T0Count=0;
  62                          
  63                  }
  64          }
  65          */


MODULE INFORMATION:   STATIC OVERLAYABLE
   CODE SIZE        =    100    ----
   CONSTANT SIZE    =   ----    ----
   XDATA SIZE       =   ----    ----
   PDATA SIZE       =   ----    ----
   DATA SIZE        =   ----    ----
   IDATA SIZE       =   ----    ----
   BIT SIZE         =   ----    ----
END OF MODULE INFORMATION.


C51 COMPILATION COMPLETE.  0 WARNING(S),  0 ERROR(S)
