C51 COMPILER V9.59.0.0   UART                                                              12/09/2022 23:14:06 PAGE 1   


C51 COMPILER V9.59.0.0, COMPILATION OF MODULE UART
OBJECT MODULE PLACED IN .\Objects\UART.obj
COMPILER INVOKED BY: D:\Keil5\C51\BIN\C51.EXE UART.c OPTIMIZE(9,SPEED) BROWSE DEBUG OBJECTEXTEND PRINT(.\Listings\UART.l
                    -st) OBJECT(.\Objects\UART.obj)

line level    source

   1          #include <REGX52.H>
   2          #define uchar unsigned char
   3                  
   4          void UART_Init()                //9600bps@11.0592MHz
   5          {
   6   1              PCON &= 0x7F;           //波特率不倍速
   7   1              SCON = 0x50;            //8位数据,可变波特率
   8   1              TMOD &= 0x0F;           //设置定时器模式
   9   1              TMOD |= 0x20;           //设置定时器模式
  10   1              TL1 = 0xFD;             //设置定时初始值
  11   1              TH1 = 0xFD;             //设置定时重载值
  12   1              ET1 = 0;                //禁止定时器%d中断
  13   1              TR1 = 1;                //定时器1开始计时
  14   1              EA = 1;
  15   1              ES = 1;
  16   1      }
  17          
  18          void UART_Sendbyte(uchar byte)
  19          {
  20   1              SBUF = byte;
  21   1              while(TI == 0);
  22   1              TI = 0;
  23   1      }
  24          
  25          /*串口中断函数模板
  26          void UART_Routine() interrupt 4
  27          {
  28                  if(RI==1)
  29                  {
  30                          
  31                          RI=0;
  32                  }
  33          }
  34          */


MODULE INFORMATION:   STATIC OVERLAYABLE
   CODE SIZE        =     35    ----
   CONSTANT SIZE    =   ----    ----
   XDATA SIZE       =   ----    ----
   PDATA SIZE       =   ----    ----
   DATA SIZE        =   ----    ----
   IDATA SIZE       =   ----    ----
   BIT SIZE         =   ----    ----
END OF MODULE INFORMATION.


C51 COMPILATION COMPLETE.  0 WARNING(S),  0 ERROR(S)
